CRITICAL - 2023-07-06 11:29:30 --> Invalid file: "pages/profile.php"
in SYSTEMPATH\Exceptions\FrameworkException.php on line 33.
 1 SYSTEMPATH\View\View.php(201): CodeIgniter\Exceptions\FrameworkException::forInvalidFile('pages/profile.php')
 2 SYSTEMPATH\Common.php(1184): CodeIgniter\View\View->render('pages/profile', [], true)
 3 APPPATH\Controllers\Home.php(14): view('pages/profile')
 4 SYSTEMPATH\CodeIgniter.php(934): App\Controllers\Home->profil()
 5 SYSTEMPATH\CodeIgniter.php(499): CodeIgniter\CodeIgniter->runController(Object(App\Controllers\Home))
 6 SYSTEMPATH\CodeIgniter.php(368): CodeIgniter\CodeIgniter->handleRequest(null, Object(Config\Cache), false)
 7 FCPATH\index.php(67): CodeIgniter\CodeIgniter->run()
 8 SYSTEMPATH\Commands\Server\rewrite.php(47): require_once('C:\\pwl-project\\public\\index.php')
CRITICAL - 2023-07-06 11:30:09 --> Invalid file: "pages/profile.php"
in SYSTEMPATH\Exceptions\FrameworkException.php on line 33.
 1 SYSTEMPATH\View\View.php(201): CodeIgniter\Exceptions\FrameworkException::forInvalidFile('pages/profile.php')
 2 SYSTEMPATH\Common.php(1184): CodeIgniter\View\View->render('pages/profile', [], true)
 3 APPPATH\Controllers\Home.php(14): view('pages/profile')
 4 SYSTEMPATH\CodeIgniter.php(934): App\Controllers\Home->profil()
 5 SYSTEMPATH\CodeIgniter.php(499): CodeIgniter\CodeIgniter->runController(Object(App\Controllers\Home))
 6 SYSTEMPATH\CodeIgniter.php(368): CodeIgniter\CodeIgniter->handleRequest(null, Object(Config\Cache), false)
 7 FCPATH\index.php(67): CodeIgniter\CodeIgniter->run()
 8 SYSTEMPATH\Commands\Server\rewrite.php(47): require_once('C:\\pwl-project\\public\\index.php')
CRITICAL - 2023-07-06 11:30:12 --> Invalid file: "pages/profile.php"
in SYSTEMPATH\Exceptions\FrameworkException.php on line 33.
 1 SYSTEMPATH\View\View.php(201): CodeIgniter\Exceptions\FrameworkException::forInvalidFile('pages/profile.php')
 2 SYSTEMPATH\Common.php(1184): CodeIgniter\View\View->render('pages/profile', [], true)
 3 APPPATH\Controllers\Home.php(14): view('pages/profile')
 4 SYSTEMPATH\CodeIgniter.php(934): App\Controllers\Home->profil()
 5 SYSTEMPATH\CodeIgniter.php(499): CodeIgniter\CodeIgniter->runController(Object(App\Controllers\Home))
 6 SYSTEMPATH\CodeIgniter.php(368): CodeIgniter\CodeIgniter->handleRequest(null, Object(Config\Cache), false)
 7 FCPATH\index.php(67): CodeIgniter\CodeIgniter->run()
 8 SYSTEMPATH\Commands\Server\rewrite.php(47): require_once('C:\\pwl-project\\public\\index.php')
CRITICAL - 2023-07-06 11:30:13 --> Invalid file: "pages/profile.php"
in SYSTEMPATH\Exceptions\FrameworkException.php on line 33.
 1 SYSTEMPATH\View\View.php(201): CodeIgniter\Exceptions\FrameworkException::forInvalidFile('pages/profile.php')
 2 SYSTEMPATH\Common.php(1184): CodeIgniter\View\View->render('pages/profile', [], true)
 3 APPPATH\Controllers\Home.php(14): view('pages/profile')
 4 SYSTEMPATH\CodeIgniter.php(934): App\Controllers\Home->profil()
 5 SYSTEMPATH\CodeIgniter.php(499): CodeIgniter\CodeIgniter->runController(Object(App\Controllers\Home))
 6 SYSTEMPATH\CodeIgniter.php(368): CodeIgniter\CodeIgniter->handleRequest(null, Object(Config\Cache), false)
 7 FCPATH\index.php(67): CodeIgniter\CodeIgniter->run()
 8 SYSTEMPATH\Commands\Server\rewrite.php(47): require_once('C:\\pwl-project\\public\\index.php')
CRITICAL - 2023-07-06 11:32:57 --> Invalid file: "pages/profile.php"
in SYSTEMPATH\Exceptions\FrameworkException.php on line 33.
 1 SYSTEMPATH\View\View.php(201): CodeIgniter\Exceptions\FrameworkException::forInvalidFile('pages/profile.php')
 2 SYSTEMPATH\Common.php(1184): CodeIgniter\View\View->render('pages/profile', [], true)
 3 APPPATH\Controllers\Home.php(14): view('pages/profile')
 4 SYSTEMPATH\CodeIgniter.php(934): App\Controllers\Home->profil()
 5 SYSTEMPATH\CodeIgniter.php(499): CodeIgniter\CodeIgniter->runController(Object(App\Controllers\Home))
 6 SYSTEMPATH\CodeIgniter.php(368): CodeIgniter\CodeIgniter->handleRequest(null, Object(Config\Cache), false)
 7 FCPATH\index.php(67): CodeIgniter\CodeIgniter->run()
 8 SYSTEMPATH\Commands\Server\rewrite.php(47): require_once('C:\\pwl-project\\public\\index.php')
CRITICAL - 2023-07-06 11:32:59 --> Invalid file: "pages/profile.php"
in SYSTEMPATH\Exceptions\FrameworkException.php on line 33.
 1 SYSTEMPATH\View\View.php(201): CodeIgniter\Exceptions\FrameworkException::forInvalidFile('pages/profile.php')
 2 SYSTEMPATH\Common.php(1184): CodeIgniter\View\View->render('pages/profile', [], true)
 3 APPPATH\Controllers\Home.php(14): view('pages/profile')
 4 SYSTEMPATH\CodeIgniter.php(934): App\Controllers\Home->profil()
 5 SYSTEMPATH\CodeIgniter.php(499): CodeIgniter\CodeIgniter->runController(Object(App\Controllers\Home))
 6 SYSTEMPATH\CodeIgniter.php(368): CodeIgniter\CodeIgniter->handleRequest(null, Object(Config\Cache), false)
 7 FCPATH\index.php(67): CodeIgniter\CodeIgniter->run()
 8 SYSTEMPATH\Commands\Server\rewrite.php(47): require_once('C:\\pwl-project\\public\\index.php')
CRITICAL - 2023-07-06 11:42:05 --> Invalid file: "pages/profile.php"
in SYSTEMPATH\Exceptions\FrameworkException.php on line 33.
 1 SYSTEMPATH\View\View.php(201): CodeIgniter\Exceptions\FrameworkException::forInvalidFile('pages/profile.php')
 2 SYSTEMPATH\Common.php(1184): CodeIgniter\View\View->render('pages/profile', [], true)
 3 APPPATH\Controllers\Home.php(14): view('pages/profile')
 4 SYSTEMPATH\CodeIgniter.php(934): App\Controllers\Home->profil()
 5 SYSTEMPATH\CodeIgniter.php(499): CodeIgniter\CodeIgniter->runController(Object(App\Controllers\Home))
 6 SYSTEMPATH\CodeIgniter.php(368): CodeIgniter\CodeIgniter->handleRequest(null, Object(Config\Cache), false)
 7 FCPATH\index.php(67): CodeIgniter\CodeIgniter->run()
 8 SYSTEMPATH\Commands\Server\rewrite.php(47): require_once('C:\\pwl-project\\public\\index.php')
