CRITICAL - 2023-07-12 15:41:43 --> Invalid file: "pages/bso/himaditi.php"
in SYSTEMPATH\Exceptions\FrameworkException.php on line 33.
 1 SYSTEMPATH\View\View.php(201): CodeIgniter\Exceptions\FrameworkException::forInvalidFile('pages/bso/himaditi.php')
 2 SYSTEMPATH\Common.php(1184): CodeIgniter\View\View->render('pages/bso/himaditi', [], true)
 3 APPPATH\Controllers\Himpunan.php(9): view('pages/bso/himaditi')
 4 SYSTEMPATH\CodeIgniter.php(934): App\Controllers\Himpunan->himaditi()
 5 SYSTEMPATH\CodeIgniter.php(499): CodeIgniter\CodeIgniter->runController(Object(App\Controllers\Himpunan))
 6 SYSTEMPATH\CodeIgniter.php(368): CodeIgniter\CodeIgniter->handleRequest(null, Object(Config\Cache), false)
 7 FCPATH\index.php(67): CodeIgniter\CodeIgniter->run()
 8 SYSTEMPATH\Commands\Server\rewrite.php(47): require_once('C:\\pwl-project\\public\\index.php')
CRITICAL - 2023-07-12 15:42:21 --> Invalid file: "pages/bso/himaditi.php"
in SYSTEMPATH\Exceptions\FrameworkException.php on line 33.
 1 SYSTEMPATH\View\View.php(201): CodeIgniter\Exceptions\FrameworkException::forInvalidFile('pages/bso/himaditi.php')
 2 SYSTEMPATH\Common.php(1184): CodeIgniter\View\View->render('pages/bso/himaditi', [], true)
 3 APPPATH\Controllers\Himpunan.php(9): view('pages/bso/himaditi')
 4 SYSTEMPATH\CodeIgniter.php(934): App\Controllers\Himpunan->himaditi()
 5 SYSTEMPATH\CodeIgniter.php(499): CodeIgniter\CodeIgniter->runController(Object(App\Controllers\Himpunan))
 6 SYSTEMPATH\CodeIgniter.php(368): CodeIgniter\CodeIgniter->handleRequest(null, Object(Config\Cache), false)
 7 FCPATH\index.php(67): CodeIgniter\CodeIgniter->run()
 8 SYSTEMPATH\Commands\Server\rewrite.php(47): require_once('C:\\pwl-project\\public\\index.php')
